# JRE version: OpenJDK Runtime Environment (19.0+36) (build 19+36-2238)
# Java VM: OpenJDK 64-Bit Server VM (19+36-2238, mixed mode, emulated-client, sharing, tiered, compressed oops, compressed class ptrs, g1 gc, windows-amd64)
GC Precious Log:
 CardTable entry size: 512
 Card Set container configuration: InlinePtr #cards 4 size 8 Array Of Cards #cards 8 size 32 Howl #buckets 8 coarsen threshold 3686 Howl Bitmap #cards 512 size 80 coarsen threshold 460 Card regions per heap region 1 cards per card region 4096
 CPUs: 8 total, 8 available
 Memory: 16303M
 Large Page Support: Disabled
 NUMA Support: Disabled
 Compressed Oops: Enabled (Zero based)
 Heap Region Size: 2M
 Heap Min Capacity: 8M
 Heap Initial Capacity: 256M
 Heap Max Capacity: 4076M
 Pre-touch: Disabled
 Parallel Workers: 8
 Concurrent Workers: 2
 Concurrent Refinement Workers: 8
 Periodic GC: Disabled
Heap:
 garbage-first heap   total 102400K, used 57954K [0x0000000701400000, 0x0000000800000000)
  region size 2048K, 14 young (28672K), 2 survivors (4096K)
 Metaspace       used 80739K, committed 81792K, reserved 1179648K
  class space    used 10893K, committed 11328K, reserved 1048576K
GC Heap History (20 events):
Event: 1145.741 GC heap before
{Heap before GC invocations=49 (full 10):
 garbage-first heap   total 102400K, used 77908K [0x0000000701400000, 0x0000000800000000)
  region size 2048K, 23 young (47104K), 2 survivors (4096K)
 Metaspace       used 80761K, committed 81600K, reserved 1179648K
  class space    used 10909K, committed 11328K, reserved 1048576K
}
Event: 1145.745 GC heap after
{Heap after GC invocations=50 (full 10):
 garbage-first heap   total 102400K, used 37419K [0x0000000701400000, 0x0000000800000000)
  region size 2048K, 2 young (4096K), 2 survivors (4096K)
 Metaspace       used 80761K, committed 81600K, reserved 1179648K
  class space    used 10909K, committed 11328K, reserved 1048576K
}
Event: 1470.376 GC heap before
{Heap before GC invocations=50 (full 10):
 garbage-first heap   total 102400K, used 76331K [0x0000000701400000, 0x0000000800000000)
  region size 2048K, 21 young (43008K), 2 survivors (4096K)
 Metaspace       used 80815K, committed 81664K, reserved 1179648K
  class space    used 10916K, committed 11328K, reserved 1048576K
}
Event: 1470.378 GC heap after
{Heap after GC invocations=51 (full 10):
 garbage-first heap   total 102400K, used 37999K [0x0000000701400000, 0x0000000800000000)
  region size 2048K, 1 young (2048K), 1 survivors (2048K)
 Metaspace       used 80815K, committed 81664K, reserved 1179648K
  class space    used 10916K, committed 11328K, reserved 1048576K
}
Event: 1650.735 GC heap before
{Heap before GC invocations=51 (full 10):
 garbage-first heap   total 102400K, used 58479K [0x0000000701400000, 0x0000000800000000)
  region size 2048K, 12 young (24576K), 1 survivors (2048K)
 Metaspace       used 80819K, committed 81664K, reserved 1179648K
  class space    used 10917K, committed 11328K, reserved 1048576K
}
Event: 1650.783 GC heap after
{Heap after GC invocations=52 (full 11):
 garbage-first heap   total 102400K, used 28990K [0x0000000701400000, 0x0000000800000000)
  region size 2048K, 0 young (0K), 0 survivors (0K)
 Metaspace       used 80345K, committed 81600K, reserved 1179648K
  class space    used 10845K, committed 11328K, reserved 1048576K
}
Event: 1651.809 GC heap before
{Heap before GC invocations=52 (full 11):
 garbage-first heap   total 102400K, used 78142K [0x0000000701400000, 0x0000000800000000)
  region size 2048K, 25 young (51200K), 0 survivors (0K)
 Metaspace       used 80588K, committed 81600K, reserved 1179648K
  class space    used 10900K, committed 11328K, reserved 1048576K
}
Event: 1651.812 GC heap after
{Heap after GC invocations=53 (full 11):
 garbage-first heap   total 102400K, used 33604K [0x0000000701400000, 0x0000000800000000)
  region size 2048K, 3 young (6144K), 3 survivors (6144K)
 Metaspace       used 80588K, committed 81600K, reserved 1179648K
  class space    used 10900K, committed 11328K, reserved 1048576K
}
Event: 1694.410 GC heap before
{Heap before GC invocations=53 (full 11):
 garbage-first heap   total 102400K, used 64324K [0x0000000701400000, 0x0000000800000000)
  region size 2048K, 19 young (38912K), 3 survivors (6144K)
 Metaspace       used 80876K, committed 81728K, reserved 1179648K
  class space    used 10931K, committed 11328K, reserved 1048576K
}
Event: 1694.463 GC heap after
{Heap after GC invocations=54 (full 12):
 garbage-first heap   total 102400K, used 31819K [0x0000000701400000, 0x0000000800000000)
  region size 2048K, 0 young (0K), 0 survivors (0K)
 Metaspace       used 80553K, committed 81664K, reserved 1179648K
  class space    used 10894K, committed 11328K, reserved 1048576K
}
Event: 1695.100 GC heap before
{Heap before GC invocations=54 (full 12):
 garbage-first heap   total 102400K, used 76875K [0x0000000701400000, 0x0000000800000000)
  region size 2048K, 23 young (47104K), 0 survivors (0K)
 Metaspace       used 80647K, committed 81664K, reserved 1179648K
  class space    used 10907K, committed 11328K, reserved 1048576K
}
Event: 1695.102 GC heap after
{Heap after GC invocations=55 (full 12):
 garbage-first heap   total 102400K, used 35584K [0x0000000701400000, 0x0000000800000000)
  region size 2048K, 2 young (4096K), 2 survivors (4096K)
 Metaspace       used 80647K, committed 81664K, reserved 1179648K
  class space    used 10907K, committed 11328K, reserved 1048576K
}
Event: 1821.786 GC heap before
{Heap before GC invocations=55 (full 12):
 garbage-first heap   total 102400K, used 68352K [0x0000000701400000, 0x0000000800000000)
  region size 2048K, 19 young (38912K), 2 survivors (4096K)
 Metaspace       used 80808K, committed 81728K, reserved 1179648K
  class space    used 10917K, committed 11328K, reserved 1048576K
}
Event: 1821.829 GC heap after
{Heap after GC invocations=56 (full 13):
 garbage-first heap   total 102400K, used 32063K [0x0000000701400000, 0x0000000800000000)
  region size 2048K, 0 young (0K), 0 survivors (0K)
 Metaspace       used 80560K, committed 81664K, reserved 1179648K
  class space    used 10895K, committed 11328K, reserved 1048576K
}
Event: 1822.343 GC heap before
{Heap before GC invocations=56 (full 13):
 garbage-first heap   total 102400K, used 75071K [0x0000000701400000, 0x0000000800000000)
  region size 2048K, 22 young (45056K), 0 survivors (0K)
 Metaspace       used 80625K, committed 81664K, reserved 1179648K
  class space    used 10907K, committed 11328K, reserved 1048576K
}
Event: 1822.345 GC heap after
{Heap after GC invocations=57 (full 13):
 garbage-first heap   total 102400K, used 35500K [0x0000000701400000, 0x0000000800000000)
  region size 2048K, 2 young (4096K), 2 survivors (4096K)
 Metaspace       used 80625K, committed 81664K, reserved 1179648K
  class space    used 10907K, committed 11328K, reserved 1048576K
}
Event: 1854.508 GC heap before
{Heap before GC invocations=57 (full 13):
 garbage-first heap   total 102400K, used 60076K [0x0000000701400000, 0x0000000800000000)
  region size 2048K, 15 young (30720K), 2 survivors (4096K)
 Metaspace       used 80844K, committed 81792K, reserved 1179648K
  class space    used 10920K, committed 11328K, reserved 1048576K
}
Event: 1854.552 GC heap after
{Heap after GC invocations=58 (full 14):
 garbage-first heap   total 102400K, used 31762K [0x0000000701400000, 0x0000000800000000)
  region size 2048K, 0 young (0K), 0 survivors (0K)
 Metaspace       used 80478K, committed 81728K, reserved 1179648K
  class space    used 10869K, committed 11328K, reserved 1048576K
}
Event: 1855.683 GC heap before
{Heap before GC invocations=58 (full 14):
 garbage-first heap   total 102400K, used 76818K [0x0000000701400000, 0x0000000800000000)
  region size 2048K, 23 young (47104K), 0 survivors (0K)
 Metaspace       used 80570K, committed 81728K, reserved 1179648K
  class space    used 10882K, committed 11328K, reserved 1048576K
}
Event: 1855.685 GC heap after
{Heap after GC invocations=59 (full 14):
 garbage-first heap   total 102400K, used 35426K [0x0000000701400000, 0x0000000800000000)
  region size 2048K, 2 young (4096K), 2 survivors (4096K)
 Metaspace       used 80570K, committed 81728K, reserved 1179648K
  class space    used 10882K, committed 11328K, reserved 1048576K
}

